<?xml version="1.0" encoding="UTF-8"?>
<!-- Generated by org.testng.reporters.JUnitReportReporter -->
<testsuite hostname="Rahib-Rasheed" failures="0" tests="3" name="Workspace.POMAutomation" time="5.821" errors="0" timestamp="2025-05-27T22:36:38 IST" skipped="0">
  <testcase classname="Workspace.POMAutomation" name="PositiveLoginTest" time="3.354"/>
  <testcase classname="Workspace.POMAutomation" name="HomePage" time="1.803"/>
  <testcase classname="Workspace.POMAutomation" name="NegetiveLoginTest" time="0.664"/>
</testsuite> <!-- Workspace.POMAutomation -->
