<?xml version="1.0" encoding="UTF-8"?>
<!-- Generated by org.testng.reporters.JUnitReportReporter -->
<testsuite hostname="Rahib-Rasheed" failures="0" tests="1" name="Workspace.WindowAutomation" time="2.928" errors="0" timestamp="2025-05-27T22:36:38 IST" skipped="0">
  <testcase classname="Workspace.WindowAutomation" name="Window" time="2.928"/>
</testsuite> <!-- Workspace.WindowAutomation -->
