<?xml version="1.0" encoding="UTF-8"?>
<!-- Generated by org.testng.reporters.JUnitReportReporter -->
<testsuite hostname="Rahib-Rasheed" failures="0" tests="1" name="Workspace.DropAutomation" time="1.968" errors="0" timestamp="2025-05-27T22:36:38 IST" skipped="0">
  <testcase classname="Workspace.DropAutomation" name="DragAndDrop" time="1.968"/>
</testsuite> <!-- Workspace.DropAutomation -->
