<?xml version="1.0" encoding="UTF-8"?>
<!-- Generated by org.testng.reporters.JUnitReportReporter -->
<testsuite hostname="Rahib-Rasheed" failures="0" tests="5" name="Workspace.EditAutomation" time="0.244" errors="0" timestamp="2025-05-27T22:36:38 IST" skipped="0">
  <testcase classname="Workspace.EditAutomation" name="SendKeys" time="0.091"/>
  <testcase classname="Workspace.EditAutomation" name="keyBoardTab" time="0.064"/>
  <testcase classname="Workspace.EditAutomation" name="GetAttribute" time="0.017"/>
  <testcase classname="Workspace.EditAutomation" name="ClearText" time="0.050"/>
  <testcase classname="Workspace.EditAutomation" name="IsEnabled" time="0.022"/>
</testsuite> <!-- Workspace.EditAutomation -->
