<?xml version="1.0" encoding="UTF-8"?>
<!-- Generated by org.testng.reporters.JUnitReportReporter -->
<testsuite hostname="Rahib-Rasheed" failures="0" tests="2" name="Workspace.FileAutomation" time="0.253" errors="0" timestamp="2025-05-27T22:36:38 IST" skipped="0">
  <testcase classname="Workspace.FileAutomation" name="fileUploading" time="0.047"/>
  <testcase classname="Workspace.FileAutomation" name="fileDownload" time="0.206"/>
</testsuite> <!-- Workspace.FileAutomation -->
