<?xml version="1.0" encoding="UTF-8"?>
<!-- Generated by org.testng.reporters.JUnitReportReporter -->
<testsuite hostname="Rahib-Rasheed" failures="0" tests="4" name="Workspace.AlertAutomation" time="12.337" errors="0" timestamp="2025-05-27T22:36:38 IST" skipped="0">
  <testcase classname="Workspace.AlertAutomation" name="SimpleAlert" time="3.086"/>
  <testcase classname="Workspace.AlertAutomation" name="ConfirmAlert" time="3.066"/>
  <testcase classname="Workspace.AlertAutomation" name="PromptAlert" time="3.072"/>
  <testcase classname="Workspace.AlertAutomation" name="ModernAlert" time="3.113"/>
</testsuite> <!-- Workspace.AlertAutomation -->
