<?xml version="1.0" encoding="UTF-8"?>
<!-- Generated by org.testng.reporters.JUnitReportReporter -->
<testsuite hostname="Rahib-Rasheed" failures="0" tests="1" name="Workspace.WaitAutomation" time="6.441" errors="0" timestamp="2025-05-27T22:36:38 IST" skipped="0">
  <testcase classname="Workspace.WaitAutomation" name="waitAutomation" time="6.441"/>
</testsuite> <!-- Workspace.WaitAutomation -->
