<?xml version="1.0" encoding="UTF-8"?>
<!-- Generated by org.testng.reporters.JUnitReportReporter -->
<testsuite hostname="Rahib-Rasheed" failures="0" tests="1" name="Workspace.FrameAutomation" time="1.388" errors="0" timestamp="2025-05-27T22:36:38 IST" skipped="0">
  <testcase classname="Workspace.FrameAutomation" name="frame" time="1.388"/>
</testsuite> <!-- Workspace.FrameAutomation -->
