<?xml version="1.0" encoding="UTF-8"?>
<!-- Generated by org.testng.reporters.JUnitReportReporter -->
<testsuite hostname="Rahib-Rasheed" failures="0" tests="2" name="Workspace.FileUpload" time="0.275" errors="0" timestamp="2025-05-27T21:27:55 IST" skipped="0">
  <testcase classname="Workspace.FileUpload" name="fileUploading" time="0.056"/>
  <testcase classname="Workspace.FileUpload" name="fileDownload" time="0.219"/>
</testsuite> <!-- Workspace.FileUpload -->
