<?xml version="1.0" encoding="UTF-8"?>
<!-- Generated by org.testng.reporters.JUnitReportReporter -->
<testsuite hostname="Rahib-Rasheed" failures="0" tests="3" name="Workspace.CrossBrowserTesting" time="13.606" errors="0" timestamp="2025-05-27T22:36:38 IST" skipped="0">
  <testcase classname="Workspace.CrossBrowserTesting" name="initializeBrowser" time="3.874"/>
  <testcase classname="Workspace.CrossBrowserTesting" name="initializeBrowser" time="7.176"/>
  <testcase classname="Workspace.CrossBrowserTesting" name="initializeBrowser" time="2.556"/>
</testsuite> <!-- Workspace.CrossBrowserTesting -->
