<?xml version="1.0" encoding="UTF-8"?>
<!-- Generated by org.testng.reporters.JUnitReportReporter -->
<testsuite hostname="Rahib-Rasheed" failures="0" tests="1" name="Workspace.CalenderAutomation" time="0.054" errors="0" timestamp="2025-05-27T22:36:38 IST" skipped="0">
  <testcase classname="Workspace.CalenderAutomation" name="calender" time="0.054"/>
</testsuite> <!-- Workspace.CalenderAutomation -->
