<?xml version="1.0" encoding="UTF-8"?>
<!-- Generated by org.testng.reporters.JUnitReportReporter -->
<testsuite hostname="Rahib-Rasheed" failures="0" tests="5" name="Input.Edit" time="0.309" errors="0" timestamp="2025-05-03T18:33:09 IST" skipped="0">
  <testcase classname="Input.Edit" name="SendKeys" time="0.065"/>
  <testcase classname="Input.Edit" name="keyBoardTab" time="0.126"/>
  <testcase classname="Input.Edit" name="GetAttribute" time="0.033"/>
  <testcase classname="Input.Edit" name="IsEnabled" time="0.034"/>
  <testcase classname="Input.Edit" name="ClearText" time="0.051"/>
</testsuite> <!-- Input.Edit -->
