<?xml version="1.0" encoding="UTF-8"?>
<!-- Generated by org.testng.reporters.JUnitReportReporter -->
<testsuite hostname="Rahib-Rasheed" failures="0" tests="1" name="Workspace.ElementsAutomation" time="2.839" errors="0" timestamp="2025-05-27T22:36:38 IST" skipped="0">
  <testcase classname="Workspace.ElementsAutomation" name="elements" time="2.839"/>
</testsuite> <!-- Workspace.ElementsAutomation -->
