<?xml version="1.0" encoding="UTF-8"?>
<!-- Generated by org.testng.reporters.JUnitReportReporter -->
<testsuite hostname="Rahib-Rasheed" failures="0" tests="4" name="Workspace.Selectautomation" time="0.440" errors="0" timestamp="2025-05-27T22:36:38 IST" skipped="0">
  <testcase classname="Workspace.Selectautomation" name="SelectFruit" time="0.090"/>
  <testcase classname="Workspace.Selectautomation" name="SelectCountry" time="0.151"/>
  <testcase classname="Workspace.Selectautomation" name="SelectSuperHero" time="0.107"/>
  <testcase classname="Workspace.Selectautomation" name="SelectLanguage" time="0.092"/>
</testsuite> <!-- Workspace.Selectautomation -->
