<?xml version="1.0" encoding="UTF-8"?>
<!-- Generated by org.testng.reporters.JUnitReportReporter -->
<testsuite hostname="Rahib-Rasheed" failures="0" tests="1" name="Button.ButtonAutomation" time="0.145" errors="0" timestamp="2025-05-03T21:05:42 IST" skipped="0">
  <testcase classname="Button.ButtonAutomation" name="GoToHome" time="0.145"/>
</testsuite> <!-- Button.ButtonAutomation -->
